  Collisions.cpp
C:\Users\Mr_K\Desktop\(연습)WinAPI_Particle2\Collisions.cpp(39,73): warning C4244: '=': 'double'에서 'float'(으)로 변환하면서 데이터가 손실될 수 있습니다.
C:\Users\Mr_K\Desktop\(연습)WinAPI_Particle2\Collisions.cpp(45,68): warning C4244: '=': 'double'에서 'float'(으)로 변환하면서 데이터가 손실될 수 있습니다.
  Main.cpp
  MapObjects.cpp
C:\Users\Mr_K\Desktop\(연습)WinAPI_Particle2\MapObjects.cpp(78,116): warning C4244: '인수': 'float'에서 'int'(으)로 변환하면서 데이터가 손실될 수 있습니다.
C:\Users\Mr_K\Desktop\(연습)WinAPI_Particle2\MapObjects.cpp(78,96): warning C4244: '인수': 'float'에서 'int'(으)로 변환하면서 데이터가 손실될 수 있습니다.
C:\Users\Mr_K\Desktop\(연습)WinAPI_Particle2\MapObjects.cpp(78,67): warning C4244: '인수': 'float'에서 'int'(으)로 변환하면서 데이터가 손실될 수 있습니다.
C:\Users\Mr_K\Desktop\(연습)WinAPI_Particle2\MapObjects.cpp(86,31): warning C4244: '인수': 'float'에서 'int'(으)로 변환하면서 데이터가 손실될 수 있습니다.
C:\Users\Mr_K\Desktop\(연습)WinAPI_Particle2\MapObjects.cpp(85,31): warning C4244: '인수': 'float'에서 'int'(으)로 변환하면서 데이터가 손실될 수 있습니다.
C:\Users\Mr_K\Desktop\(연습)WinAPI_Particle2\MapObjects.cpp(84,31): warning C4244: '인수': 'float'에서 'int'(으)로 변환하면서 데이터가 손실될 수 있습니다.
C:\Users\Mr_K\Desktop\(연습)WinAPI_Particle2\MapObjects.cpp(83,31): warning C4244: '인수': 'float'에서 'int'(으)로 변환하면서 데이터가 손실될 수 있습니다.
  Mathf.cpp
  ParticleSystem.cpp
C:\Users\Mr_K\Desktop\(연습)WinAPI_Particle2\ParticleSystem.cpp(39,69): warning C4244: '인수': 'int'에서 'float'(으)로 변환하면서 데이터가 손실될 수 있습니다.
C:\Users\Mr_K\Desktop\(연습)WinAPI_Particle2\ParticleSystem.cpp(39,64): warning C4244: '인수': 'int'에서 'float'(으)로 변환하면서 데이터가 손실될 수 있습니다.
C:\Users\Mr_K\Desktop\(연습)WinAPI_Particle2\ParticleSystem.cpp(67,132): warning C4244: '인수': 'float'에서 'int'(으)로 변환하면서 데이터가 손실될 수 있습니다.
C:\Users\Mr_K\Desktop\(연습)WinAPI_Particle2\ParticleSystem.cpp(67,95): warning C4244: '인수': 'float'에서 'int'(으)로 변환하면서 데이터가 손실될 수 있습니다.
C:\Users\Mr_K\Desktop\(연습)WinAPI_Particle2\ParticleSystem.cpp(67,53): warning C4244: '인수': 'float'에서 'int'(으)로 변환하면서 데이터가 손실될 수 있습니다.
  WinAPI.cpp
C:\Users\Mr_K\Desktop\(연습)WinAPI_Particle2\WinAPI.cpp(88,1): warning C4312: 'reinterpret_cast': 'int'에서 더 큰 'HMENU'(으)로의 변환입니다.
C:\Users\Mr_K\Desktop\(연습)WinAPI_Particle2\WinAPI.cpp(167,78): warning C4244: '인수': 'int'에서 'float'(으)로 변환하면서 데이터가 손실될 수 있습니다.
C:\Users\Mr_K\Desktop\(연습)WinAPI_Particle2\WinAPI.cpp(167,52): warning C4244: '인수': 'int'에서 'float'(으)로 변환하면서 데이터가 손실될 수 있습니다.
C:\Users\Mr_K\Desktop\(연습)WinAPI_Particle2\WinAPI.cpp(317,21): warning C4244: '초기화 중': 'double'에서 'float'(으)로 변환하면서 데이터가 손실될 수 있습니다.
  코드를 생성하고 있습니다.
  281 of 284 functions (98.9%) were compiled, the rest were copied from previous compilation.
    207 functions were new in current compilation
    0 functions had inline decision re-evaluated but remain unchanged
  코드를 생성했습니다.
  WinAPI_Particle.vcxproj -> C:\Users\Mr_K\Desktop\(연습)WinAPI_Particle2\x64\Release\WinAPI_Particle.exe
