  Main.cpp
  ParticleSystem.cpp
C:\Users\Mr_K\Desktop\(연습)WinAPI_Particle\ParticleSystem.cpp(47,38): warning C4244: '=': 'double'에서 'int'(으)로 변환하면서 데이터가 손실될 수 있습니다.
C:\Users\Mr_K\Desktop\(연습)WinAPI_Particle\ParticleSystem.cpp(76,16): warning C4244: '초기화 중': 'double'에서 'float'(으)로 변환하면서 데이터가 손실될 수 있습니다.
C:\Users\Mr_K\Desktop\(연습)WinAPI_Particle\ParticleSystem.cpp(77,16): warning C4244: '초기화 중': 'double'에서 'float'(으)로 변환하면서 데이터가 손실될 수 있습니다.
C:\Users\Mr_K\Desktop\(연습)WinAPI_Particle\ParticleSystem.cpp(80,35): warning C4244: '인수': 'float'에서 'int'(으)로 변환하면서 데이터가 손실될 수 있습니다.
C:\Users\Mr_K\Desktop\(연습)WinAPI_Particle\ParticleSystem.cpp(80,28): warning C4244: '인수': 'float'에서 'int'(으)로 변환하면서 데이터가 손실될 수 있습니다.
C:\Users\Mr_K\Desktop\(연습)WinAPI_Particle\ParticleSystem.cpp(140,66): warning C4244: '=': 'double'에서 'float'(으)로 변환하면서 데이터가 손실될 수 있습니다.
C:\Users\Mr_K\Desktop\(연습)WinAPI_Particle\ParticleSystem.cpp(141,70): warning C4244: '=': 'double'에서 'float'(으)로 변환하면서 데이터가 손실될 수 있습니다.
C:\Users\Mr_K\Desktop\(연습)WinAPI_Particle\ParticleSystem.cpp(184,13): warning C4244: '=': 'int'에서 'float'(으)로 변환하면서 데이터가 손실될 수 있습니다.
C:\Users\Mr_K\Desktop\(연습)WinAPI_Particle\ParticleSystem.h(46,16): warning C4244: '초기화 중': 'int'에서 'float'(으)로 변환하면서 데이터가 손실될 수 있습니다.
C:\Users\Mr_K\Desktop\(연습)WinAPI_Particle\ParticleSystem.cpp(37): message : 컴파일되는 함수 템플릿 인스턴스화 'float ParticleSystem::Random<int,int>(T1,T2)'에 대한 참조를 확인하세요.
          with
          [
              T1=int,
              T2=int
          ]
C:\Users\Mr_K\Desktop\(연습)WinAPI_Particle\ParticleSystem.h(49,28): warning C4244: 'return': 'T2'에서 'float'(으)로 변환하면서 데이터가 손실될 수 있습니다.
          with
          [
              T2=int
          ]
C:\Users\Mr_K\Desktop\(연습)WinAPI_Particle\ParticleSystem.h(50,28): warning C4244: 'return': 'T1'에서 'float'(으)로 변환하면서 데이터가 손실될 수 있습니다.
          with
          [
              T1=int
          ]
  WinAPI.cpp
C:\Users\Mr_K\Desktop\(연습)WinAPI_Particle\WinAPI.cpp(89,1): warning C4312: 'reinterpret_cast': 'int'에서 더 큰 'HMENU'(으)로의 변환입니다.
C:\Users\Mr_K\Desktop\(연습)WinAPI_Particle\WinAPI.cpp(118,17): warning C4101: 'ps' :참조되지 않은 지역 변수입니다.
C:\Users\Mr_K\Desktop\(연습)WinAPI_Particle\WinAPI.cpp(182,39): warning C4244: '인수': 'double'에서 'int'(으)로 변환하면서 데이터가 손실될 수 있습니다.
C:\Users\Mr_K\Desktop\(연습)WinAPI_Particle\WinAPI.cpp(184,44): warning C4244: '인수': 'double'에서 'float'(으)로 변환하면서 데이터가 손실될 수 있습니다.
C:\Users\Mr_K\Desktop\(연습)WinAPI_Particle\WinAPI.cpp(185,42): warning C4244: '인수': 'double'에서 'float'(으)로 변환하면서 데이터가 손실될 수 있습니다.
C:\Users\Mr_K\Desktop\(연습)WinAPI_Particle\WinAPI.cpp(152,17): warning C4101: 'ps' :참조되지 않은 지역 변수입니다.
  코드를 생성하고 있습니다.
  Previous IPDB not found, fall back to full compilation.
  All 104 functions were compiled because no usable IPDB/IOBJ from previous compilation was found.
  코드를 생성했습니다.
  WinAPI_Particle.vcxproj -> C:\Users\Mr_K\Desktop\(연습)WinAPI_Particle\x64\Release\WinAPI_Particle.exe
